SF:lib\app.dart
DA:12,1
DA:14,1
DA:16,1
DA:18,1
DA:19,1
DA:21,4
LF:6
LH:6
end_of_record
SF:lib\database\firestore_service.dart
DA:7,0
DA:8,0
DA:9,0
DA:12,0
DA:13,0
DA:14,0
DA:15,0
DA:27,1
DA:29,0
DA:30,0
DA:31,0
DA:32,0
DA:33,0
LF:13
LH:1
end_of_record
SF:lib\settings_page.dart
DA:10,1
DA:12,1
DA:13,1
DA:23,1
DA:24,3
DA:25,2
DA:26,2
DA:27,9
DA:28,2
DA:30,2
DA:33,1
DA:34,3
DA:35,1
DA:36,2
DA:37,1
DA:42,1
DA:44,1
DA:45,2
DA:48,1
DA:50,1
DA:51,1
DA:52,1
DA:53,2
DA:55,1
DA:58,1
DA:59,1
DA:61,1
DA:62,3
DA:64,1
DA:65,1
DA:66,1
DA:67,1
DA:68,2
DA:69,1
DA:75,1
DA:77,2
DA:78,1
DA:79,3
DA:80,1
DA:81,1
DA:83,1
DA:84,1
DA:86,1
DA:87,2
DA:88,2
DA:92,1
DA:96,1
DA:98,1
DA:99,1
DA:100,1
DA:101,2
DA:102,1
DA:107,1
DA:108,1
DA:109,4
DA:110,3
DA:111,3
LF:57
LH:57
end_of_record
SF:lib\user_settings.dart
DA:15,1
LF:1
LH:1
end_of_record
SF:lib\user_settings.g.dart
DA:13,0
DA:15,0
DA:16,0
DA:17,0
DA:19,0
DA:20,0
DA:21,0
DA:22,0
DA:26,0
DA:29,0
DA:30,0
DA:31,0
DA:32,0
DA:33,0
DA:34,0
DA:35,0
DA:38,0
DA:39,0
DA:41,0
DA:44,0
DA:45,0
DA:46,0
LF:22
LH:0
end_of_record
SF:lib\widgets\map.dart
DA:16,1
DA:24,1
DA:25,1
DA:33,1
DA:35,1
DA:36,1
DA:37,1
DA:38,1
DA:41,1
DA:43,2
DA:44,1
DA:47,1
DA:49,2
DA:50,1
DA:51,0
DA:54,1
DA:55,1
DA:59,1
DA:61,1
DA:62,1
DA:66,1
DA:75,1
DA:76,5
DA:77,2
DA:78,3
DA:79,1
DA:80,1
DA:81,1
DA:82,0
DA:84,1
DA:89,1
DA:94,1
DA:96,0
DA:100,0
DA:101,0
DA:102,0
DA:103,0
DA:109,0
DA:115,0
DA:116,0
DA:117,0
DA:118,0
DA:130,0
DA:134,1
DA:135,2
DA:136,0
DA:140,0
DA:142,0
DA:145,0
DA:146,0
DA:147,0
DA:148,0
DA:149,0
DA:150,0
DA:153,0
DA:154,0
DA:158,0
DA:162,1
DA:163,2
DA:164,1
DA:165,1
DA:167,1
DA:168,1
DA:170,2
DA:172,1
DA:173,1
DA:175,5
DA:179,1
DA:180,1
DA:181,1
DA:182,1
DA:183,1
DA:189,1
DA:199,1
DA:200,1
DA:201,1
DA:202,3
DA:205,1
DA:206,1
DA:207,2
DA:208,1
DA:210,1
DA:211,4
DA:213,4
DA:214,5
DA:215,2
DA:223,1
DA:224,1
DA:225,1
DA:226,2
DA:227,1
DA:228,1
DA:229,1
DA:230,1
DA:231,0
LF:95
LH:69
end_of_record
SF:lib\yaml_readers\yaml_reader.dart
DA:8,1
DA:10,1
DA:11,2
DA:13,3
DA:14,1
DA:15,2
DA:16,3
DA:20,1
DA:26,1
DA:27,1
LF:10
LH:10
end_of_record
SF:lib\home_page.dart
DA:15,1
DA:17,1
DA:18,1
DA:25,1
DA:26,1
DA:27,3
DA:29,1
DA:30,1
DA:31,2
DA:32,1
DA:35,2
DA:36,2
DA:42,1
DA:44,2
DA:45,1
DA:47,1
DA:48,3
DA:50,1
DA:51,1
DA:52,1
DA:53,1
DA:54,1
DA:55,1
DA:56,2
DA:58,2
DA:59,2
DA:62,1
DA:70,1
DA:71,1
DA:72,4
DA:73,1
DA:74,3
DA:75,2
DA:77,1
DA:78,2
DA:79,1
DA:80,1
DA:88,1
DA:89,2
DA:90,1
DA:94,1
DA:95,2
DA:96,2
DA:100,1
DA:101,1
DA:103,1
DA:104,1
DA:105,1
DA:106,1
DA:110,1
DA:111,1
DA:112,1
DA:121,1
DA:122,1
DA:126,1
DA:128,1
DA:138,0
DA:139,0
DA:140,0
DA:144,0
DA:145,0
DA:149,0
DA:151,0
DA:152,0
DA:153,0
DA:154,0
LF:66
LH:56
end_of_record
SF:lib\widgets\event.dart
DA:6,1
DA:7,1
DA:13,1
DA:17,1
DA:18,1
DA:20,1
DA:22,1
DA:23,1
DA:26,1
DA:27,1
LF:10
LH:10
end_of_record
