SF:lib\app.dart
DA:12,1
DA:14,1
DA:16,1
DA:18,1
DA:19,1
DA:21,4
LF:6
LH:6
end_of_record
SF:lib\background\background_location.dart
DA:16,0
DA:18,0
DA:21,0
DA:23,0
DA:40,1
DA:41,1
DA:44,1
DA:45,2
DA:48,1
DA:49,1
DA:50,2
DA:52,4
DA:54,1
DA:58,1
DA:60,1
DA:61,4
DA:62,2
DA:63,1
DA:64,1
DA:69,1
DA:70,0
DA:71,0
DA:72,0
DA:73,0
DA:74,0
DA:77,0
DA:78,0
DA:82,4
LF:28
LH:17
end_of_record
SF:lib\background\geolocation_service.dart
DA:6,1
DA:7,1
LF:2
LH:2
end_of_record
SF:lib\background\notification_service.dart
DA:8,0
DA:9,0
DA:10,0
DA:11,0
DA:14,0
DA:17,0
DA:24,0
DA:25,0
DA:26,0
DA:28,0
DA:29,0
DA:30,0
DA:32,0
DA:33,0
DA:34,0
DA:35,0
DA:36,0
DA:37,0
DA:38,0
DA:39,0
DA:40,0
DA:48,0
DA:54,0
LF:23
LH:0
end_of_record
SF:lib\database\firestore_service.dart
DA:7,0
DA:8,0
DA:9,0
DA:12,0
DA:13,0
DA:14,0
DA:15,0
DA:29,1
DA:31,0
DA:32,0
DA:33,0
DA:34,0
DA:35,0
DA:36,0
LF:14
LH:1
end_of_record
SF:lib\settings_page.dart
DA:10,1
DA:12,1
DA:13,1
DA:23,1
DA:24,3
DA:25,2
DA:26,2
DA:27,9
DA:28,2
DA:30,2
DA:33,1
DA:34,3
DA:35,1
DA:36,2
DA:37,1
DA:42,1
DA:44,1
DA:45,2
DA:48,1
DA:50,1
DA:51,1
DA:52,1
DA:53,2
DA:55,1
DA:58,1
DA:59,1
DA:61,1
DA:62,3
DA:64,1
DA:65,1
DA:66,1
DA:67,1
DA:68,2
DA:69,1
DA:75,1
DA:77,2
DA:78,1
DA:79,3
DA:80,1
DA:81,1
DA:83,1
DA:84,1
DA:86,1
DA:87,2
DA:88,2
DA:92,1
DA:96,1
DA:98,1
DA:99,1
DA:100,1
DA:101,2
DA:102,1
DA:107,1
DA:108,1
DA:109,4
DA:110,3
DA:111,3
LF:57
LH:57
end_of_record
SF:lib\user_settings.dart
DA:15,1
LF:1
LH:1
end_of_record
SF:lib\user_settings.g.dart
DA:13,0
DA:15,0
DA:16,0
DA:17,0
DA:19,0
DA:20,0
DA:21,0
DA:22,0
DA:26,0
DA:29,0
DA:30,0
DA:31,0
DA:32,0
DA:33,0
DA:34,0
DA:35,0
DA:38,0
DA:39,0
DA:41,0
DA:44,0
DA:45,0
DA:46,0
LF:22
LH:0
end_of_record
SF:lib\widgets\map.dart
DA:19,1
DA:28,1
DA:29,1
DA:37,1
DA:39,1
DA:40,1
DA:41,1
DA:42,1
DA:45,1
DA:47,2
DA:48,1
DA:51,1
DA:53,2
DA:54,1
DA:55,0
DA:58,1
DA:59,1
DA:63,1
DA:65,1
DA:66,1
DA:70,1
DA:79,1
DA:80,5
DA:81,2
DA:82,3
DA:83,1
DA:84,1
DA:85,1
DA:86,5
DA:88,1
DA:93,1
DA:98,1
DA:100,0
DA:104,0
DA:105,0
DA:106,0
DA:107,0
DA:113,0
DA:119,0
DA:120,0
DA:121,0
DA:122,0
DA:134,0
DA:138,1
DA:139,2
DA:140,0
DA:144,0
DA:146,0
DA:149,0
DA:150,0
DA:151,0
DA:152,0
DA:153,0
DA:154,0
DA:157,0
DA:158,0
DA:162,0
DA:166,1
DA:167,2
DA:168,1
DA:169,1
DA:170,1
DA:172,2
DA:173,2
DA:174,1
DA:178,1
DA:179,1
DA:181,2
DA:183,1
DA:186,1
DA:188,5
DA:192,1
DA:194,1
DA:195,1
DA:196,1
DA:197,1
DA:204,7
DA:205,1
DA:206,1
DA:211,1
DA:221,1
DA:223,1
DA:224,1
DA:225,3
DA:228,1
DA:229,1
DA:230,2
DA:231,1
DA:233,1
DA:234,0
DA:236,4
DA:237,6
DA:238,2
DA:246,1
DA:247,1
DA:248,1
DA:249,2
DA:251,1
DA:252,1
DA:253,1
DA:254,1
DA:255,1
DA:258,1
DA:259,1
DA:260,0
LF:105
LH:79
end_of_record
SF:lib\yaml_readers\yaml_reader.dart
DA:8,1
DA:10,1
DA:11,2
DA:13,3
DA:14,1
DA:15,2
DA:16,3
DA:20,1
DA:26,1
DA:27,1
LF:10
LH:10
end_of_record
SF:lib\home_page.dart
DA:15,1
DA:18,1
DA:19,1
DA:26,1
DA:27,1
DA:28,3
DA:30,1
DA:31,1
DA:32,2
DA:33,1
DA:36,2
DA:37,2
DA:43,1
DA:45,2
DA:46,1
DA:48,1
DA:49,3
DA:51,1
DA:52,1
DA:53,1
DA:54,1
DA:55,1
DA:56,1
DA:57,2
DA:58,2
DA:60,2
DA:61,2
DA:64,1
DA:72,1
DA:73,1
DA:74,4
DA:75,1
DA:76,3
DA:77,2
DA:79,1
DA:80,2
DA:81,1
DA:82,1
DA:90,1
DA:91,2
DA:92,1
DA:96,1
DA:97,2
DA:98,2
DA:102,1
DA:103,1
DA:105,1
DA:106,1
DA:107,1
DA:108,1
DA:112,1
DA:113,1
DA:114,1
DA:123,1
DA:124,1
DA:128,1
DA:130,1
DA:140,0
DA:141,0
DA:142,0
DA:146,0
DA:147,0
DA:151,0
DA:153,0
DA:154,0
DA:155,0
DA:156,0
LF:67
LH:57
end_of_record
SF:lib\widgets\event.dart
DA:6,1
DA:7,1
DA:13,1
DA:17,1
DA:18,1
DA:20,1
DA:22,1
DA:23,1
DA:26,1
DA:27,1
LF:10
LH:10
end_of_record
